<?xml version="1.0" encoding="UTF-8"?>
<!-- Generated by org.testng.reporters.JUnitXMLReporter -->
<testsuite ignored="0" hostname="LAPTOP-LDTPQ8CD" failures="0" tests="4" name="Default test" time="0.04" errors="0" timestamp="2022-03-05T12:48:46 IST">
  <testcase classname="test.HomePage" name="test6" time="0.005"/>
  <testcase classname="test.HomePage" name="test8" time="0.001"/>
  <testcase classname="test.HomePage" name="test3" time="0.001"/>
  <testcase classname="test.HomePage" name="test7" time="0.001"/>
</testsuite> <!-- Default test -->
