<?xml version="1.0" encoding="UTF-8"?>
<!-- Generated by org.testng.reporters.JUnitXMLReporter -->
<testsuite ignored="1" hostname="LAPTOP-LDTPQ8CD" failures="0" tests="3" name="Test" time="0.045" errors="0" timestamp="2022-03-05T12:27:17 IST">
  <testcase classname="test2.CheckOutTest" name="test4" time="0.004"/>
  <testcase classname="test.AnnotationExample" name="test1" time="0.0"/>
  <testcase classname="test.AnnotationExample" name="test2" time="0.001"/>
  <testcase classname="test.HomePage" name="test3" time="0.0">
    <ignored/>
  </testcase> <!-- test3 -->
</testsuite> <!-- Test -->
