<?xml version="1.0" encoding="UTF-8"?>
<!-- Generated by org.testng.reporters.JUnitXMLReporter -->
<testsuite ignored="2" hostname="LAPTOP-LDTPQ8CD" failures="0" tests="2" name="Test" time="0.035" errors="0" timestamp="2022-03-05T11:41:54 IST">
  <testcase classname="test.HomePage" name="test3" time="0.004"/>
  <testcase classname="test2.CheckOutTest" name="test4" time="0.0"/>
  <testcase classname="test.AnnotationExample" name="test2" time="0.0">
    <ignored/>
  </testcase> <!-- test2 -->
  <testcase classname="test.AnnotationExample" name="test1" time="0.0">
    <ignored/>
  </testcase> <!-- test1 -->
</testsuite> <!-- Test -->
