<?xml version="1.0" encoding="UTF-8"?>
<testng-results ignored="0" total="4" passed="4" failed="0" skipped="0">
  <reporter-output>
  </reporter-output>
  <suite started-at="2022-03-05T12:48:46 IST" name="Default suite" finished-at="2022-03-05T12:48:46 IST" duration-ms="40">
    <groups>
    </groups>
    <test started-at="2022-03-05T12:48:46 IST" name="Default test" finished-at="2022-03-05T12:48:46 IST" duration-ms="40">
      <class name="test.HomePage">
        <test-method signature="test6()[pri:0, instance:test.HomePage@355ce81c]" started-at="2022-03-05T12:48:46 IST" name="test6" finished-at="2022-03-05T12:48:46 IST" duration-ms="5" status="PASS">
          <reporter-output>
          </reporter-output>
        </test-method> <!-- test6 -->
        <test-method signature="test8()[pri:0, instance:test.HomePage@355ce81c]" started-at="2022-03-05T12:48:46 IST" name="test8" finished-at="2022-03-05T12:48:46 IST" duration-ms="1" status="PASS">
          <reporter-output>
          </reporter-output>
        </test-method> <!-- test8 -->
        <test-method signature="test3()[pri:0, instance:test.HomePage@355ce81c]" started-at="2022-03-05T12:48:46 IST" name="test3" finished-at="2022-03-05T12:48:46 IST" depends-on-methods="test.HomePage.test6" duration-ms="1" status="PASS">
          <reporter-output>
          </reporter-output>
        </test-method> <!-- test3 -->
        <test-method signature="test7()[pri:0, instance:test.HomePage@355ce81c]" started-at="2022-03-05T12:48:46 IST" name="test7" finished-at="2022-03-05T12:48:46 IST" depends-on-methods="test.HomePage.test8" duration-ms="1" status="PASS">
          <reporter-output>
          </reporter-output>
        </test-method> <!-- test7 -->
      </class> <!-- test.HomePage -->
    </test> <!-- Default test -->
  </suite> <!-- Default suite -->
</testng-results>
